<?xml version="1.0" encoding="UTF-8"?>
<!-- Generated by org.testng.reporters.JUnitReportReporter -->
<testsuite hostname="DESKTOP-ALIFJJN" failures="0" tests="1" name="product.CreateProductAndDeletePrdTest" time="17.213" errors="0" timestamp="2025-04-14T17:09:03 IST" skipped="0">
  <testcase classname="product.CreateProductAndDeletePrdTest" name="createProductAndDeletePrdTest" time="17.213"/>
</testsuite> <!-- product.CreateProductAndDeletePrdTest -->
