<?xml version="1.0" encoding="UTF-8"?>
<!-- Generated by org.testng.reporters.JUnitReportReporter -->
<testsuite hostname="DESKTOP-ALIFJJN" failures="0" tests="3" name="testNg.SampleTest" time="0.033" errors="0" timestamp="2025-04-03T19:53:40 IST" skipped="0">
  <testcase classname="testNg.SampleTest" name="deleteContact" time="0.012"/>
  <testcase classname="testNg.SampleTest" name="createContact" time="0.015"/>
  <testcase classname="testNg.SampleTest" name="modifyContact" time="0.006"/>
</testsuite> <!-- testNg.SampleTest -->
