<?xml version="1.0" encoding="UTF-8"?>
<!-- Generated by org.testng.reporters.JUnitReportReporter -->
<testsuite hostname="DESKTOP-ALIFJJN" failures="0" tests="3" name="testNg.DataProviderEx1" time="0.054" errors="0" timestamp="2025-04-09T13:59:13 IST" skipped="0">
  <testcase classname="testNg.DataProviderEx1" name="bookTickets" time="0.004"/>
  <testcase classname="testNg.DataProviderEx1" name="bookTickets" time="0.004"/>
  <testcase classname="testNg.DataProviderEx1" name="bookTickets" time="0.046"/>
</testsuite> <!-- testNg.DataProviderEx1 -->
