<?xml version="1.0" encoding="UTF-8"?>
<!-- Generated by org.testng.reporters.JUnitReportReporter -->
<testsuite hostname="DESKTOP-ALIFJJN" failures="0" tests="3" name="testNg.DependsOn" time="0.019" errors="0" timestamp="2025-04-01T20:55:57 IST" skipped="0">
  <testcase classname="testNg.DependsOn" name="deleteContact" time="0.004"/>
  <testcase classname="testNg.DependsOn" name="createContact" time="0.014"/>
  <testcase classname="testNg.DependsOn" name="modifyContact" time="0.001"/>
</testsuite> <!-- testNg.DependsOn -->
