<?xml version="1.0" encoding="UTF-8"?>
<!-- Generated by org.testng.reporters.JUnitReportReporter -->
<testsuite hostname="DESKTOP-ALIFJJN" failures="0" tests="1" name="testNg.HardAssertion" time="0.032" errors="0" timestamp="2025-04-09T20:45:29 IST" skipped="0">
  <testcase classname="testNg.HardAssertion" name="m10" time="0.032"/>
</testsuite> <!-- testNg.HardAssertion -->
